<?xml version="1.0" encoding="UTF-8"?>
<!-- Generated by org.testng.reporters.JUnitReportReporter -->
<testsuite skipped="0" hostname="DESKTOP-72J97CI" name="StoreTest" tests="1" failures="0" timestamp="2020-06-19T03:47:31 IST" time="4.180" errors="0">
  <testcase name="searchTest" time="4.180" classname="StoreTest"/>
  <system-out/>
</testsuite> <!-- StoreTest -->
